2022.09.24 19:18:46 INFO  tracing is disabled for protocol LSP, to enable tracing of incoming and outgoing JSON messages create an empty file at /Users/vngrs/Documents/programming/continuous_delivery_with_jenkins/calculator/.metals/lsp.trace.json or /Users/vngrs/Library/Caches/org.scalameta.metals/lsp.trace.json[0m
2022.09.24 19:18:47 INFO  logging to file /Users/vngrs/Documents/programming/continuous_delivery_with_jenkins/calculator/.metals/metals.log[0m
2022.09.24 19:18:47 INFO  Started: Metals version 0.11.2 in workspace '/Users/vngrs/Documents/programming/continuous_delivery_with_jenkins/calculator' for client coc.nvim 0.0.80.[0m
2022.09.24 19:18:47 INFO  Parse release: 11.0.15[0m
2022.09.24 19:18:50 INFO  time: initialize in 2.45s[0m
2022.09.24 19:18:50 WARN  Build server is not auto-connectable.[0m
2022.09.24 21:52:40 INFO  Started: Metals version 0.11.2 in workspace '/Users/vngrs/Documents/programming/continuous_delivery_with_jenkins/calculator' for client coc.nvim 0.0.80.[0m
2022.09.24 21:52:40 INFO  Parse release: 11.0.15[0m
2022.09.24 21:52:43 INFO  time: initialize in 2.39s[0m
2022.09.24 21:52:45 WARN  Build server is not auto-connectable.[0m
2022.09.24 21:52:46 INFO  skipping build import with status 'Requested'[0m
<<<<<<< HEAD
2022.09.24 22:10:01 INFO  tracing is disabled for protocol LSP, to enable tracing of incoming and outgoing JSON messages create an empty file at /Users/vngrs/Documents/programming/continuous_delivery_with_jenkins/calculator/.metals/lsp.trace.json or /Users/vngrs/Library/Caches/org.scalameta.metals/lsp.trace.json[0m
2022.09.24 22:10:02 INFO  logging to file /Users/vngrs/Documents/programming/continuous_delivery_with_jenkins/calculator/.metals/metals.log[0m
2022.09.24 22:10:02 INFO  Started: Metals version 0.11.2 in workspace '/Users/vngrs/Documents/programming/continuous_delivery_with_jenkins/calculator' for client coc.nvim 0.0.80.[0m
2022.09.24 22:10:02 INFO  Parse release: 11.0.15[0m
2022.09.24 22:10:05 INFO  time: initialize in 2.7s[0m
2022.09.24 22:10:05 WARN  Build server is not auto-connectable.[0m
=======
>>>>>>> 5b7d8fb0d97e9525dc8e7b2e0579de6292fc2bb1
2022.09.24 23:05:48 INFO  Started: Metals version 0.11.2 in workspace '/Users/vngrs/Documents/programming/continuous_delivery_with_jenkins/calculator' for client coc.nvim 0.0.80.[0m
2022.09.24 23:05:48 INFO  Parse release: 11.0.15[0m
2022.09.24 23:05:50 INFO  time: initialize in 2.49s[0m
2022.09.24 23:05:51 WARN  Build server is not auto-connectable.[0m
2022.09.24 23:06:47 INFO  Started: Metals version 0.11.2 in workspace '/Users/vngrs/Documents/programming/continuous_delivery_with_jenkins/calculator' for client coc.nvim 0.0.80.[0m
2022.09.24 23:06:47 INFO  Parse release: 11.0.15[0m
2022.09.24 23:06:50 INFO  time: initialize in 2.31s[0m
2022.09.24 23:06:50 WARN  Build server is not auto-connectable.[0m
2022.09.24 23:06:50 INFO  skipping build import with status 'Dismissed'[0m
2022.09.24 23:21:14 INFO  tracing is disabled for protocol LSP, to enable tracing of incoming and outgoing JSON messages create an empty file at /Users/vngrs/Documents/programming/continuous_delivery_with_jenkins/calculator/.metals/lsp.trace.json or /Users/vngrs/Library/Caches/org.scalameta.metals/lsp.trace.json[0m
2022.09.24 23:26:29 INFO  tracing is disabled for protocol LSP, to enable tracing of incoming and outgoing JSON messages create an empty file at /Users/vngrs/Documents/programming/continuous_delivery_with_jenkins/calculator/.metals/lsp.trace.json or /Users/vngrs/Library/Caches/org.scalameta.metals/lsp.trace.json[0m
2022.09.24 23:26:29 INFO  logging to file /Users/vngrs/Documents/programming/continuous_delivery_with_jenkins/calculator/.metals/metals.log[0m
2022.09.24 23:26:29 INFO  Started: Metals version 0.11.2 in workspace '/Users/vngrs/Documents/programming/continuous_delivery_with_jenkins/calculator' for client coc.nvim 0.0.80.[0m
2022.09.24 23:26:29 INFO  Parse release: 11.0.15[0m
2022.09.24 23:26:32 INFO  time: initialize in 2.46s[0m
2022.09.24 23:26:32 WARN  Build server is not auto-connectable.[0m
2022.09.24 23:26:33 INFO  skipping build import with status 'Requested'[0m
2022.09.24 23:28:18 INFO  Started: Metals version 0.11.2 in workspace '/Users/vngrs/Documents/programming/continuous_delivery_with_jenkins/calculator' for client coc.nvim 0.0.80.[0m
2022.09.24 23:28:18 INFO  Parse release: 11.0.15[0m
2022.09.24 23:28:20 INFO  time: initialize in 2.27s[0m
2022.09.25 11:49:33 INFO  Started: Metals version 0.11.2 in workspace '/Users/vngrs/Documents/programming/continuous_delivery_with_jenkins/calculator' for client coc.nvim 0.0.80.[0m
2022.09.25 11:49:33 INFO  Parse release: 11.0.15[0m
2022.09.25 11:49:35 INFO  time: initialize in 2.2s[0m
2022.09.25 11:49:36 WARN  Build server is not auto-connectable.[0m
2022.09.25 11:49:36 INFO  skipping build import with status 'Requested'[0m
2022.09.25 11:52:45 INFO  tracing is disabled for protocol LSP, to enable tracing of incoming and outgoing JSON messages create an empty file at /Users/vngrs/Documents/programming/continuous_delivery_with_jenkins/calculator/.metals/lsp.trace.json or /Users/vngrs/Library/Caches/org.scalameta.metals/lsp.trace.json[0m
2022.09.25 11:52:45 INFO  logging to file /Users/vngrs/Documents/programming/continuous_delivery_with_jenkins/calculator/.metals/metals.log[0m
2022.09.25 11:52:45 INFO  Started: Metals version 0.11.2 in workspace '/Users/vngrs/Documents/programming/continuous_delivery_with_jenkins/calculator' for client coc.nvim 0.0.80.[0m
2022.09.25 11:52:45 INFO  Parse release: 11.0.15[0m
2022.09.25 11:52:47 INFO  time: initialize in 2.04s[0m
2022.09.25 11:52:48 WARN  Build server is not auto-connectable.[0m
2022.09.25 11:52:48 INFO  skipping build import with status 'Requested'[0m
2022.09.25 12:43:43 INFO  tracing is disabled for protocol LSP, to enable tracing of incoming and outgoing JSON messages create an empty file at /Users/vngrs/Documents/programming/continuous_delivery_with_jenkins/calculator/.metals/lsp.trace.json or /Users/vngrs/Library/Caches/org.scalameta.metals/lsp.trace.json[0m
2022.09.25 12:43:44 INFO  logging to file /Users/vngrs/Documents/programming/continuous_delivery_with_jenkins/calculator/.metals/metals.log[0m
2022.09.25 12:43:44 INFO  Started: Metals version 0.11.2 in workspace '/Users/vngrs/Documents/programming/continuous_delivery_with_jenkins/calculator' for client coc.nvim 0.0.80.[0m
2022.09.25 12:43:44 INFO  Parse release: 11.0.15[0m
2022.09.25 12:43:46 INFO  time: initialize in 2.42s[0m
2022.09.25 12:43:47 WARN  Build server is not auto-connectable.[0m
2022.09.25 12:50:35 INFO  tracing is disabled for protocol LSP, to enable tracing of incoming and outgoing JSON messages create an empty file at /Users/vngrs/Documents/programming/continuous_delivery_with_jenkins/calculator/.metals/lsp.trace.json or /Users/vngrs/Library/Caches/org.scalameta.metals/lsp.trace.json[0m
2022.09.25 12:50:36 INFO  logging to file /Users/vngrs/Documents/programming/continuous_delivery_with_jenkins/calculator/.metals/metals.log[0m
2022.09.25 12:50:36 INFO  Started: Metals version 0.11.2 in workspace '/Users/vngrs/Documents/programming/continuous_delivery_with_jenkins/calculator' for client coc.nvim 0.0.80.[0m
2022.09.25 12:50:36 INFO  Parse release: 11.0.15[0m
2022.09.25 12:50:38 INFO  time: initialize in 2.3s[0m
2022.09.25 12:51:21 INFO  tracing is disabled for protocol LSP, to enable tracing of incoming and outgoing JSON messages create an empty file at /Users/vngrs/Documents/programming/continuous_delivery_with_jenkins/calculator/.metals/lsp.trace.json or /Users/vngrs/Library/Caches/org.scalameta.metals/lsp.trace.json[0m
2022.09.25 12:51:22 INFO  logging to file /Users/vngrs/Documents/programming/continuous_delivery_with_jenkins/calculator/.metals/metals.log[0m
2022.09.25 12:51:22 INFO  Started: Metals version 0.11.2 in workspace '/Users/vngrs/Documents/programming/continuous_delivery_with_jenkins/calculator' for client coc.nvim 0.0.80.[0m
2022.09.25 12:51:22 INFO  Parse release: 11.0.15[0m
2022.09.25 12:51:24 INFO  time: initialize in 2.04s[0m
2022.09.25 12:51:26 WARN  Build server is not auto-connectable.[0m
2022.09.25 12:51:27 INFO  skipping build import with status 'Requested'[0m
2022.09.25 13:02:37 INFO  tracing is disabled for protocol LSP, to enable tracing of incoming and outgoing JSON messages create an empty file at /Users/vngrs/Documents/programming/continuous_delivery_with_jenkins/calculator/.metals/lsp.trace.json or /Users/vngrs/Library/Caches/org.scalameta.metals/lsp.trace.json[0m
2022.09.25 13:02:37 INFO  logging to file /Users/vngrs/Documents/programming/continuous_delivery_with_jenkins/calculator/.metals/metals.log[0m
2022.09.25 13:02:37 INFO  Started: Metals version 0.11.2 in workspace '/Users/vngrs/Documents/programming/continuous_delivery_with_jenkins/calculator' for client coc.nvim 0.0.80.[0m
2022.09.25 13:02:37 INFO  Parse release: 11.0.15[0m
2022.09.25 13:02:40 INFO  time: initialize in 2.27s[0m
2022.09.25 13:02:40 WARN  Build server is not auto-connectable.[0m
2022.09.25 13:02:41 INFO  skipping build import with status 'Requested'[0m
2022.09.25 13:07:23 INFO  tracing is disabled for protocol LSP, to enable tracing of incoming and outgoing JSON messages create an empty file at /Users/vngrs/Documents/programming/continuous_delivery_with_jenkins/calculator/.metals/lsp.trace.json or /Users/vngrs/Library/Caches/org.scalameta.metals/lsp.trace.json[0m
2022.09.25 13:07:24 INFO  logging to file /Users/vngrs/Documents/programming/continuous_delivery_with_jenkins/calculator/.metals/metals.log[0m
2022.09.25 13:07:24 INFO  Started: Metals version 0.11.2 in workspace '/Users/vngrs/Documents/programming/continuous_delivery_with_jenkins/calculator' for client coc.nvim 0.0.80.[0m
2022.09.25 13:07:24 INFO  Parse release: 11.0.15[0m
2022.09.25 13:07:26 INFO  time: initialize in 2.29s[0m
2022.09.25 13:07:27 WARN  Build server is not auto-connectable.[0m
2022.09.25 13:09:01 INFO  tracing is disabled for protocol LSP, to enable tracing of incoming and outgoing JSON messages create an empty file at /Users/vngrs/Documents/programming/continuous_delivery_with_jenkins/calculator/.metals/lsp.trace.json or /Users/vngrs/Library/Caches/org.scalameta.metals/lsp.trace.json[0m
2022.09.25 13:09:01 INFO  logging to file /Users/vngrs/Documents/programming/continuous_delivery_with_jenkins/calculator/.metals/metals.log[0m
2022.09.25 13:09:01 INFO  Started: Metals version 0.11.2 in workspace '/Users/vngrs/Documents/programming/continuous_delivery_with_jenkins/calculator' for client coc.nvim 0.0.80.[0m
2022.09.25 13:09:01 INFO  Parse release: 11.0.15[0m
2022.09.25 13:09:03 INFO  time: initialize in 2.27s[0m
2022.09.25 13:09:04 WARN  Build server is not auto-connectable.[0m
2022.09.25 13:09:04 INFO  skipping build import with status 'Dismissed'[0m
2022.09.25 13:10:04 INFO  tracing is disabled for protocol LSP, to enable tracing of incoming and outgoing JSON messages create an empty file at /Users/vngrs/Documents/programming/continuous_delivery_with_jenkins/calculator/.metals/lsp.trace.json or /Users/vngrs/Library/Caches/org.scalameta.metals/lsp.trace.json[0m
2022.09.25 13:10:05 INFO  logging to file /Users/vngrs/Documents/programming/continuous_delivery_with_jenkins/calculator/.metals/metals.log[0m
2022.09.25 13:10:05 INFO  Started: Metals version 0.11.2 in workspace '/Users/vngrs/Documents/programming/continuous_delivery_with_jenkins/calculator' for client coc.nvim 0.0.80.[0m
2022.09.25 13:10:05 INFO  Parse release: 11.0.15[0m
2022.09.25 13:10:07 INFO  time: initialize in 2.21s[0m
2022.09.25 13:10:07 WARN  Build server is not auto-connectable.[0m
2022.09.25 13:10:33 INFO  tracing is disabled for protocol LSP, to enable tracing of incoming and outgoing JSON messages create an empty file at /Users/vngrs/Documents/programming/continuous_delivery_with_jenkins/calculator/.metals/lsp.trace.json or /Users/vngrs/Library/Caches/org.scalameta.metals/lsp.trace.json[0m
2022.09.25 13:10:33 INFO  logging to file /Users/vngrs/Documents/programming/continuous_delivery_with_jenkins/calculator/.metals/metals.log[0m
2022.09.25 13:10:33 INFO  Started: Metals version 0.11.2 in workspace '/Users/vngrs/Documents/programming/continuous_delivery_with_jenkins/calculator' for client coc.nvim 0.0.80.[0m
2022.09.25 13:10:33 INFO  Parse release: 11.0.15[0m
2022.09.25 13:10:35 INFO  time: initialize in 2.08s[0m
2022.09.25 13:10:36 WARN  Build server is not auto-connectable.[0m
2022.09.25 13:10:36 INFO  skipping build import with status 'Dismissed'[0m
2022.09.25 13:34:49 INFO  tracing is disabled for protocol LSP, to enable tracing of incoming and outgoing JSON messages create an empty file at /Users/vngrs/Documents/programming/continuous_delivery_with_jenkins/calculator/.metals/lsp.trace.json or /Users/vngrs/Library/Caches/org.scalameta.metals/lsp.trace.json[0m
2022.09.25 13:34:50 INFO  logging to file /Users/vngrs/Documents/programming/continuous_delivery_with_jenkins/calculator/.metals/metals.log[0m
2022.09.25 13:34:50 INFO  Started: Metals version 0.11.2 in workspace '/Users/vngrs/Documents/programming/continuous_delivery_with_jenkins/calculator' for client coc.nvim 0.0.80.[0m
2022.09.25 13:34:50 INFO  Parse release: 11.0.15[0m
2022.09.25 13:34:53 INFO  time: initialize in 2.5s[0m
2022.09.25 13:34:53 WARN  Build server is not auto-connectable.[0m
2022.09.25 13:37:54 INFO  tracing is disabled for protocol LSP, to enable tracing of incoming and outgoing JSON messages create an empty file at /Users/vngrs/Documents/programming/continuous_delivery_with_jenkins/calculator/.metals/lsp.trace.json or /Users/vngrs/Library/Caches/org.scalameta.metals/lsp.trace.json[0m
2022.09.25 13:37:55 INFO  logging to file /Users/vngrs/Documents/programming/continuous_delivery_with_jenkins/calculator/.metals/metals.log[0m
2022.09.25 13:37:55 INFO  Started: Metals version 0.11.2 in workspace '/Users/vngrs/Documents/programming/continuous_delivery_with_jenkins/calculator' for client coc.nvim 0.0.80.[0m
2022.09.25 13:37:55 INFO  Parse release: 11.0.15[0m
2022.09.25 13:37:57 INFO  time: initialize in 2.28s[0m
2022.09.25 13:37:58 WARN  Build server is not auto-connectable.[0m
2022.09.25 13:39:16 INFO  tracing is disabled for protocol LSP, to enable tracing of incoming and outgoing JSON messages create an empty file at /Users/vngrs/Documents/programming/continuous_delivery_with_jenkins/calculator/.metals/lsp.trace.json or /Users/vngrs/Library/Caches/org.scalameta.metals/lsp.trace.json[0m
2022.09.25 13:39:17 INFO  logging to file /Users/vngrs/Documents/programming/continuous_delivery_with_jenkins/calculator/.metals/metals.log[0m
2022.09.25 13:39:17 INFO  Started: Metals version 0.11.2 in workspace '/Users/vngrs/Documents/programming/continuous_delivery_with_jenkins/calculator' for client coc.nvim 0.0.80.[0m
2022.09.25 13:39:17 INFO  Parse release: 11.0.15[0m
2022.09.25 13:39:19 INFO  time: initialize in 2.21s[0m
2022.09.25 13:39:19 WARN  Build server is not auto-connectable.[0m
2022.09.25 13:39:20 INFO  skipping build import with status 'Dismissed'[0m
2022.09.25 13:40:42 INFO  tracing is disabled for protocol LSP, to enable tracing of incoming and outgoing JSON messages create an empty file at /Users/vngrs/Documents/programming/continuous_delivery_with_jenkins/calculator/.metals/lsp.trace.json or /Users/vngrs/Library/Caches/org.scalameta.metals/lsp.trace.json[0m
2022.09.25 13:40:43 INFO  logging to file /Users/vngrs/Documents/programming/continuous_delivery_with_jenkins/calculator/.metals/metals.log[0m
2022.09.25 13:40:43 INFO  Started: Metals version 0.11.2 in workspace '/Users/vngrs/Documents/programming/continuous_delivery_with_jenkins/calculator' for client coc.nvim 0.0.80.[0m
2022.09.25 13:40:43 INFO  Parse release: 11.0.15[0m
2022.09.25 13:40:45 INFO  time: initialize in 2.13s[0m
2022.09.25 13:40:45 WARN  Build server is not auto-connectable.[0m
2022.09.25 13:44:16 INFO  tracing is disabled for protocol LSP, to enable tracing of incoming and outgoing JSON messages create an empty file at /Users/vngrs/Documents/programming/continuous_delivery_with_jenkins/calculator/.metals/lsp.trace.json or /Users/vngrs/Library/Caches/org.scalameta.metals/lsp.trace.json[0m
2022.09.25 13:44:17 INFO  logging to file /Users/vngrs/Documents/programming/continuous_delivery_with_jenkins/calculator/.metals/metals.log[0m
2022.09.25 13:44:17 INFO  Started: Metals version 0.11.2 in workspace '/Users/vngrs/Documents/programming/continuous_delivery_with_jenkins/calculator' for client coc.nvim 0.0.80.[0m
2022.09.25 13:44:17 INFO  Parse release: 11.0.15[0m
2022.09.25 13:44:19 INFO  time: initialize in 2.32s[0m
2022.09.25 13:44:20 WARN  Build server is not auto-connectable.[0m
2022.09.25 13:44:20 INFO  skipping build import with status 'Dismissed'[0m
